{
  "stats": {
    "suites": 1,
    "tests": 2,
    "passes": 2,
    "pending": 0,
    "failures": 0,
    "start": "2022-03-08T14:20:46.518Z",
    "end": "2022-03-08T14:21:48.617Z",
    "duration": 62099,
    "testsRegistered": 2,
    "passPercent": 100,
    "pendingPercent": 0,
    "other": 0,
    "hasOther": false,
    "skipped": 0,
    "hasSkipped": false
  },
  "results": [
    {
      "uuid": "1ac68781-d66a-46db-ada1-9f5445816262",
      "title": "",
      "fullFile": "cypress/integration/ProceedToCheckout.spec.js",
      "file": "cypress/integration/ProceedToCheckout.spec.js",
      "beforeHooks": [],
      "afterHooks": [],
      "tests": [],
      "suites": [
        {
          "uuid": "f7955261-3602-4403-b0eb-0b9224a93c5a",
          "title": "Proceed to Checkout Tests",
          "fullFile": "",
          "file": "",
          "beforeHooks": [],
          "afterHooks": [],
          "tests": [
            {
              "title": "Add product to cart & sign in before checkout",
              "fullTitle": "Proceed to Checkout Tests Add product to cart & sign in before checkout",
              "timedOut": null,
              "duration": 19126,
              "state": "passed",
              "speed": "slow",
              "pass": true,
              "fail": false,
              "pending": false,
              "context": "\"videos/ProceedToCheckout.spec.js.mp4\"",
              "code": "//cy.viewport(1280,720)\n//cy.viewport('ipad-2')     \n// verify product page\ncy.contains('Women').should('exist');\ncy.contains('Women').should('have.text', 'Women');\ncy.get('#homefeatured > .first-in-line.first-item-of-tablet-line > .product-container > .right-block > .button-container > .ajax_add_to_cart_button > span').click();\ncy.get('.button-medium > span').click();\ncy.get('.cart_navigation > .button > span').click(); // verify page url\ncy.url().should('include', 'order'); // verify page and links\ncy.contains('Authentication').should('exist');\ncy.contains('Create an account').should('exist');\ncy.contains('Sign in').should('exist');\ncy.get('#SubmitLogin > span').click();",
              "err": {},
              "uuid": "7abb71cd-1482-4b5e-956c-7031eb965754",
              "parentUUID": "f7955261-3602-4403-b0eb-0b9224a93c5a",
              "isHook": false,
              "skipped": false
            },
            {
              "title": "Verify log in page",
              "fullTitle": "Proceed to Checkout Tests Verify log in page",
              "timedOut": null,
              "duration": 38404,
              "state": "passed",
              "speed": "slow",
              "pass": true,
              "fail": false,
              "pending": false,
              "context": "\"videos/ProceedToCheckout.spec.js.mp4\"",
              "code": "cy.fixture('example').then(user => {\n  cy.get('.login').click(); // verify page and links\n  cy.url().should('include', 'my-account');\n  cy.get('#email').type(user.email);\n  cy.get('#passwd').type(user.password);\n  cy.get('#SubmitLogin > span').click();\n  cy.contains('Yashpal DEWANGAN').should('exist');\n  cy.contains('Women').click();\n  cy.get('.product_list > :nth-child(1)').click();\n  cy.contains('Add to cart').click();\n  cy.contains('Proceed to checkout').click();\n  cy.get('footer').scrollIntoView({\n    duration: 1000\n  });\n  cy.get('.cart_navigation > .button > span').click();\n  cy.get('footer').scrollIntoView({\n    duration: 1000\n  });\n  cy.get('.cart_navigation > .button > span').click();\n  cy.get('footer').scrollIntoView({\n    duration: 1000\n  });\n  cy.get('#cgv').click();\n  cy.get('.cart_navigation > .button > span').click(); // verify page url\n  cy.url().should('include', 'multi-shipping=');\n});",
              "err": {},
              "uuid": "06c43d90-be7a-430c-ad01-9c72ec1eb14a",
              "parentUUID": "f7955261-3602-4403-b0eb-0b9224a93c5a",
              "isHook": false,
              "skipped": false
            }
          ],
          "suites": [],
          "passes": [
            "7abb71cd-1482-4b5e-956c-7031eb965754",
            "06c43d90-be7a-430c-ad01-9c72ec1eb14a"
          ],
          "failures": [],
          "pending": [],
          "skipped": [],
          "duration": 57530,
          "root": false,
          "rootEmpty": false,
          "_timeout": 2000
        }
      ],
      "passes": [],
      "failures": [],
      "pending": [],
      "skipped": [],
      "duration": 0,
      "root": true,
      "rootEmpty": true,
      "_timeout": 2000
    }
  ],
  "meta": {
    "mocha": {
      "version": "7.0.1"
    },
    "mochawesome": {
      "options": {
        "quiet": false,
        "reportFilename": "mochawesome",
        "saveHtml": false,
        "saveJson": true,
        "consoleReporter": "spec",
        "useInlineDiffs": false,
        "code": true
      },
      "version": "6.1.1"
    },
    "marge": {
      "options": {
        "overwrite": false,
        "html": false,
        "json": true
      },
      "version": "5.1.0"
    }
  }
}