{
  "stats": {
    "suites": 1,
    "tests": 2,
    "passes": 2,
    "pending": 0,
    "failures": 0,
    "start": "2022-03-07T14:29:35.316Z",
    "end": "2022-03-07T14:30:36.160Z",
    "duration": 60844,
    "testsRegistered": 2,
    "passPercent": 100,
    "pendingPercent": 0,
    "other": 0,
    "hasOther": false,
    "skipped": 0,
    "hasSkipped": false
  },
  "results": [
    {
      "uuid": "27ed9f1f-fcd1-49a6-bc73-f26ed13195b5",
      "title": "",
      "fullFile": "cypress/integration/ProceedToCheckout.spec.js",
      "file": "cypress/integration/ProceedToCheckout.spec.js",
      "beforeHooks": [],
      "afterHooks": [],
      "tests": [],
      "suites": [
        {
          "uuid": "e8fcf07d-1550-4573-a5b5-cf52b6538067",
          "title": "Proceed to Checkout Tests",
          "fullFile": "",
          "file": "",
          "beforeHooks": [],
          "afterHooks": [],
          "tests": [
            {
              "title": "Add product to cart & sign in before checkout",
              "fullTitle": "Proceed to Checkout Tests Add product to cart & sign in before checkout",
              "timedOut": null,
              "duration": 16789,
              "state": "passed",
              "speed": "slow",
              "pass": true,
              "fail": false,
              "pending": false,
              "context": "\"videos/ProceedToCheckout.spec.js.mp4\"",
              "code": "//cy.viewport(1280,720)\n//cy.viewport('ipad-2')     \n// verify product page\ncy.contains('Women').should('exist');\ncy.contains('Women').should('have.text', 'Women');\ncy.get('#homefeatured > .first-in-line.first-item-of-tablet-line > .product-container > .right-block > .button-container > .ajax_add_to_cart_button > span').click();\ncy.get('.button-medium > span').click();\ncy.get('.cart_navigation > .button > span').click(); // verify page url\ncy.url().should('include', 'order'); // verify page and links\ncy.contains('Authentication').should('exist');\ncy.contains('Create an account').should('exist');\ncy.contains('Sign in').should('exist');\ncy.get('#SubmitLogin > span').click();",
              "err": {},
              "uuid": "6a712701-39f0-471c-8900-1cc5586d1cfa",
              "parentUUID": "e8fcf07d-1550-4573-a5b5-cf52b6538067",
              "isHook": false,
              "skipped": false
            },
            {
              "title": "Verify log in page",
              "fullTitle": "Proceed to Checkout Tests Verify log in page",
              "timedOut": null,
              "duration": 39821,
              "state": "passed",
              "speed": "slow",
              "pass": true,
              "fail": false,
              "pending": false,
              "context": "\"videos/ProceedToCheckout.spec.js.mp4\"",
              "code": "cy.fixture('example').then(user => {\n  cy.get('.login').click(); // verify page and links\n  cy.url().should('include', 'my-account');\n  cy.get('#email').type(user.email);\n  cy.get('#passwd').type(user.password);\n  cy.get('#SubmitLogin > span').click();\n  cy.contains('Yashpal DEWANGAN').should('exist');\n  cy.contains('Women').click();\n  cy.get('.product_list > :nth-child(1)').click();\n  cy.contains('Add to cart').click();\n  cy.contains('Proceed to checkout').click();\n  cy.get('footer').scrollIntoView({\n    duration: 1000\n  });\n  cy.get('.cart_navigation > .button > span').click();\n  cy.get('footer').scrollIntoView({\n    duration: 1000\n  });\n  cy.get('.cart_navigation > .button > span').click();\n  cy.get('footer').scrollIntoView({\n    duration: 1000\n  });\n  cy.get('#cgv').click();\n  cy.get('.cart_navigation > .button > span').click(); // verify page url\n  cy.url().should('include', 'multi-shipping=');\n});",
              "err": {},
              "uuid": "770c64bc-729c-4a26-ab09-c70450ea0b73",
              "parentUUID": "e8fcf07d-1550-4573-a5b5-cf52b6538067",
              "isHook": false,
              "skipped": false
            }
          ],
          "suites": [],
          "passes": [
            "6a712701-39f0-471c-8900-1cc5586d1cfa",
            "770c64bc-729c-4a26-ab09-c70450ea0b73"
          ],
          "failures": [],
          "pending": [],
          "skipped": [],
          "duration": 56610,
          "root": false,
          "rootEmpty": false,
          "_timeout": 2000
        }
      ],
      "passes": [],
      "failures": [],
      "pending": [],
      "skipped": [],
      "duration": 0,
      "root": true,
      "rootEmpty": true,
      "_timeout": 2000
    }
  ],
  "meta": {
    "mocha": {
      "version": "7.0.1"
    },
    "mochawesome": {
      "options": {
        "quiet": false,
        "reportFilename": "mochawesome",
        "saveHtml": false,
        "saveJson": true,
        "consoleReporter": "spec",
        "useInlineDiffs": false,
        "code": true
      },
      "version": "6.1.1"
    },
    "marge": {
      "options": {
        "overwrite": false,
        "html": false,
        "json": true
      },
      "version": "5.1.0"
    }
  }
}