{
  "stats": {
    "suites": 1,
    "tests": 2,
    "passes": 2,
    "pending": 0,
    "failures": 0,
    "start": "2022-03-06T11:39:10.351Z",
    "end": "2022-03-06T11:39:40.781Z",
    "duration": 30430,
    "testsRegistered": 2,
    "passPercent": 100,
    "pendingPercent": 0,
    "other": 0,
    "hasOther": false,
    "skipped": 0,
    "hasSkipped": false
  },
  "results": [
    {
      "uuid": "28d060ad-d155-4160-973b-0588a88119a8",
      "title": "",
      "fullFile": "cypress/integration/ProceedToCheckout.spec.js",
      "file": "cypress/integration/ProceedToCheckout.spec.js",
      "beforeHooks": [],
      "afterHooks": [],
      "tests": [],
      "suites": [
        {
          "uuid": "82693f34-fc5e-421b-b1c1-1cf320097636",
          "title": "Basic Desktop Tests",
          "fullFile": "",
          "file": "",
          "beforeHooks": [],
          "afterHooks": [],
          "tests": [
            {
              "title": "Test checkout page",
              "fullTitle": "Basic Desktop Tests Test checkout page",
              "timedOut": null,
              "duration": 16025,
              "state": "passed",
              "speed": "slow",
              "pass": true,
              "fail": false,
              "pending": false,
              "context": "\"videos/ProceedToCheckout.spec.js.mp4\"",
              "code": "//cy.viewport(1280,720)\n//cy.viewport('ipad-2')     \n// verify product page\ncy.contains('Women').should('exist');\ncy.contains('Women').should('have.text', 'Women');\ncy.get('#homefeatured > .first-in-line.first-item-of-tablet-line > .product-container > .right-block > .button-container > .ajax_add_to_cart_button > span').click();\ncy.get('.button-medium > span').click();\ncy.get('.cart_navigation > .button > span').click(); // verify page url\ncy.url().should('include', 'order'); // verify page and links\ncy.contains('Authentication').should('exist');\ncy.contains('Create an account').should('exist');\ncy.contains('Sign in').should('exist');\ncy.get('#SubmitLogin > span').click();",
              "err": {},
              "uuid": "179bad43-9556-4c87-93fa-ca494679ee16",
              "parentUUID": "82693f34-fc5e-421b-b1c1-1cf320097636",
              "isHook": false,
              "skipped": false
            },
            {
              "title": "Log in page test",
              "fullTitle": "Basic Desktop Tests Log in page test",
              "timedOut": null,
              "duration": 11078,
              "state": "passed",
              "speed": "slow",
              "pass": true,
              "fail": false,
              "pending": false,
              "context": "\"videos/ProceedToCheckout.spec.js.mp4\"",
              "code": "cy.fixture('example').then(user => {\n  cy.get('.login').click(); // verify page and links\n  cy.url().should('include', 'my-account');\n  cy.get('#email').type(user.email);\n  cy.get('#passwd').type(user.password);\n  cy.get('#SubmitLogin > span').click();\n  cy.contains('Yashpal DEWANGAN').should('exist');\n});",
              "err": {},
              "uuid": "92a873c9-d70b-4518-b9b7-ff64df12b7b2",
              "parentUUID": "82693f34-fc5e-421b-b1c1-1cf320097636",
              "isHook": false,
              "skipped": false
            }
          ],
          "suites": [],
          "passes": [
            "179bad43-9556-4c87-93fa-ca494679ee16",
            "92a873c9-d70b-4518-b9b7-ff64df12b7b2"
          ],
          "failures": [],
          "pending": [],
          "skipped": [],
          "duration": 27103,
          "root": false,
          "rootEmpty": false,
          "_timeout": 2000
        }
      ],
      "passes": [],
      "failures": [],
      "pending": [],
      "skipped": [],
      "duration": 0,
      "root": true,
      "rootEmpty": true,
      "_timeout": 2000
    }
  ],
  "meta": {
    "mocha": {
      "version": "7.0.1"
    },
    "mochawesome": {
      "options": {
        "quiet": false,
        "reportFilename": "mochawesome",
        "saveHtml": false,
        "saveJson": true,
        "consoleReporter": "spec",
        "useInlineDiffs": false,
        "code": true
      },
      "version": "6.1.1"
    },
    "marge": {
      "options": {
        "overwrite": false,
        "html": false,
        "json": true
      },
      "version": "5.1.0"
    }
  }
}